生成启动时间为 2015/3/26 0:13:13。
     1>项目“C:\Users\Zhou\documents\visual studio 2013\Projects\Kmeans\Kmeans\Kmeans.vcxproj”在节点 2 上(Build 个目标)。
     1>ClCompile:
         D:\Program Files (x86)\Microsoft Visual Studio 12.0\VC\bin\x86_amd64\CL.exe /c /Zi /nologo /W3 /WX- /sdl /O2 /Oi /GL /D WIN32 /D NDEBUG /D _CONSOLE /D _LIB /D _UNICODE /D UNICODE /Gm- /EHsc /MD /GS /Gy /fp:precise /Zc:wchar_t /Zc:forScope /Fo"x64\Release\\" /Fd"x64\Release\vc120.pdb" /Gd /TP /errorReport:prompt kmeans.cpp
         kmeans.cpp
     1>kmeans.cpp(14): warning C4267: “初始化”: 从“size_t”转换到“int”，可能丢失数据
     1>kmeans.cpp(37): warning C4267: “初始化”: 从“size_t”转换到“int”，可能丢失数据
     1>kmeans.cpp(50): warning C4267: “初始化”: 从“size_t”转换到“int”，可能丢失数据
     1>kmeans.cpp(63): warning C4267: “初始化”: 从“size_t”转换到“int”，可能丢失数据
     1>kmeans.cpp(75): warning C4267: “初始化”: 从“size_t”转换到“int”，可能丢失数据
     1>kmeans.cpp(89): warning C4267: “初始化”: 从“size_t”转换到“int”，可能丢失数据
     1>kmeans.cpp(102): warning C4267: “初始化”: 从“size_t”转换到“int”，可能丢失数据
     1>kmeans.cpp(127): warning C4267: “初始化”: 从“size_t”转换到“int”，可能丢失数据
     1>kmeans.cpp(167): warning C4267: “初始化”: 从“size_t”转换到“int”，可能丢失数据
     1>kmeans.cpp(191): warning C4267: “初始化”: 从“size_t”转换到“int”，可能丢失数据
       Link:
         D:\Program Files (x86)\Microsoft Visual Studio 12.0\VC\bin\x86_amd64\link.exe /ERRORREPORT:PROMPT /OUT:"C:\Users\Zhou\documents\visual studio 2013\Projects\Kmeans\x64\Release\Kmeans.exe" /INCREMENTAL:NO /NOLOGO kernel32.lib user32.lib gdi32.lib winspool.lib comdlg32.lib advapi32.lib shell32.lib ole32.lib oleaut32.lib uuid.lib odbc32.lib odbccp32.lib /MANIFEST /MANIFESTUAC:"level='asInvoker' uiAccess='false'" /manifest:embed /DEBUG /PDB:"C:\Users\Zhou\documents\visual studio 2013\Projects\Kmeans\x64\Release\Kmeans.pdb" /SUBSYSTEM:CONSOLE /OPT:REF /OPT:ICF /LTCG /TLBID:1 /DYNAMICBASE /NXCOMPAT /IMPLIB:"C:\Users\Zhou\documents\visual studio 2013\Projects\Kmeans\x64\Release\Kmeans.lib" /MACHINE:X64 x64\Release\kmeans.obj
         正在生成代码
         已完成代码的生成
         Kmeans.vcxproj -> C:\Users\Zhou\documents\visual studio 2013\Projects\Kmeans\x64\Release\Kmeans.exe
     1>已完成生成项目“C:\Users\Zhou\documents\visual studio 2013\Projects\Kmeans\Kmeans\Kmeans.vcxproj”(Build 个目标)的操作。

生成成功。

已用时间 00:00:04.78
